(cmaxime)Running: Start Machine      [exec-time = 0.002 ms
(cmaxime)Running: Start Machine      [exec-time = 0.002 ms
(cmaxime)Running: Boil Water      [exec-time = 0.004 ms
(cmaxime)Running: Make Coffee      [exec-time = 2.030 s
(cmaxime)Running: Start Machine      [exec-time = 0.003 ms
(cmaxime)Running: Boil Water      [exec-time = 0.003 ms
(cmaxime)Running: Make Coffee      [exec-time = 2.032 s
(cmaxime)Running: Start Machine      [exec-time = 0.002 ms
(cmaxime)Running: Boil Water      [exec-time = 0.003 ms
(cmaxime)Running: Make Coffee      [exec-time = 2.039 s
(cmaxime)Running: Start Machine      [exec-time = 0.004 ms
(cmaxime)Running: Boil Water      [exec-time = 0.004 ms
(cmaxime)Running: Make Coffee      [exec-time = 2.025 s
(cmaxime)Running: Start Machine      [exec-time = 0.015 ms
(cmaxime)Running: Boil Water      [exec-time = 0.002 ms
(cmaxime)Running: Make Coffee      [exec-time = 6.850 ms
(cmaxime)Running: Start Machine      [exec-time = 0.018 ms
(cmaxime)Running: Boil Water      [exec-time = 0.002 ms
(cmaxime)Running: Make Coffee      [exec-time = 7.215 ms
(cmaxime)Running: Add Water      [exec-time = 3.002 s
(cmaxime)Running: Start Machine      [exec-time = 0.002 ms
(cmaxime)Running: Boil Water      [exec-time = 0.004 ms
(cmaxime)Running: Make Coffee      [exec-time = 2.030 s
(cmaxime)Running: Start Machine      [exec-time = 0.003 ms
(cmaxime)Running: Boil Water      [exec-time = 0.002 ms
(cmaxime)Running: Make Coffee      [exec-time = 2.031 s
(cmaxime)Running: Start Machine      [exec-time = 0.003 ms
(cmaxime)Running: Boil Water      [exec-time = 0.003 ms
(cmaxime)Running: Make Coffee      [exec-time = 2.026 s
(cmaxime)Running: Start Machine      [exec-time = 0.003 ms
(cmaxime)Running: Boil Water      [exec-time = 0.003 ms
(cmaxime)Running: Make Coffee      [exec-time = 2.023 s
(cmaxime)Running: Start Machine      [exec-time = 0.024 ms
(cmaxime)Running: Boil Water      [exec-time = 0.004 ms
(cmaxime)Running: Make Coffee      [exec-time = 2.039 s
(cmaxime)Running: Start Machine      [exec-time = 0.019 ms
(cmaxime)Running: Boil Water      [exec-time = 0.003 ms
(cmaxime)Running: Make Coffee      [exec-time = 2.028 s
(cmaxime)Running: Add Water      [exec-time = 3.003 s
(cmaxime)Running: Start Machine      [exec-time = 0.005 ms
(cmaxime)Running: Boil Water      [exec-time = 0.005 ms
(cmaxime)Running: Make Coffee      [exec-time = 2.038 s
(cmaxime)Running: Start Machine      [exec-time = 0.004 ms
(cmaxime)Running: Boil Water      [exec-time = 0.002 ms
(cmaxime)Running: Make Coffee      [exec-time = 2.040 s
(cmaxime)Running: Start Machine      [exec-time = 0.002 ms
(cmaxime)Running: Boil Water      [exec-time = 0.003 ms
(cmaxime)Running: Make Coffee      [exec-time = 2.027 s
(cmaxime)Running: Start Machine      [exec-time = 0.003 ms
(cmaxime)Running: Boil Water      [exec-time = 0.002 ms
(cmaxime)Running: Make Coffee      [exec-time = 2.035 s
(cmaxime)Running: Start Machine      [exec-time = 0.026 ms
(cmaxime)Running: Boil Water      [exec-time = 0.003 ms
(cmaxime)Running: Make Coffee      [exec-time = 2.042 s
(cmaxime)Running: Start Machine      [exec-time = 0.018 ms
(cmaxime)Running: Boil Water      [exec-time = 0.004 ms
(cmaxime)Running: Make Coffee      [exec-time = 2.037 s
(cmaxime)Running: Add Water      [exec-time = 1.003 s
(cmaxime)Running: Start Machine      [exec-time = 0.002 ms
(cmaxime)Running: Boil Water      [exec-time = 0.004 ms
(cmaxime)Running: Make Coffee      [exec-time = 2.044 s
(cmaxime)Running: Start Machine      [exec-time = 0.003 ms
(cmaxime)Running: Boil Water      [exec-time = 0.004 ms
(cmaxime)Running: Make Coffee      [exec-time = 2.039 s
(cmaxime)Running: Start Machine      [exec-time = 0.002 ms
(cmaxime)Running: Boil Water      [exec-time = 0.003 ms
(cmaxime)Running: Make Coffee      [exec-time = 2.038 s
(cmaxime)Running: Start Machine      [exec-time = 0.003 ms
(cmaxime)Running: Boil Water      [exec-time = 0.003 ms
(cmaxime)Running: Make Coffee      [exec-time = 2.039 s
(cmaxime)Running: Start Machine      [exec-time = 0.020 ms
(cmaxime)Running: Boil Water      [exec-time = 0.004 ms
(cmaxime)Running: Make Coffee      [exec-time = 2.051 s
(cmaxime)Running: Start Machine      [exec-time = 0.018 ms
(cmaxime)Running: Boil Water      [exec-time = 0.003 ms
(cmaxime)Running: Make Coffee      [exec-time = 2.033 s
(cmaxime)Running: Add Water      [exec-time = 2.002 s
(cmaxime)Running: Start Machine      [exec-time = 0.003 ms
(cmaxime)Running: Boil Water      [exec-time = 0.004 ms
(cmaxime)Running: Make Coffee      [exec-time = 2.047 s
(cmaxime)Running: Start Machine      [exec-time = 0.003 ms
(cmaxime)Running: Boil Water      [exec-time = 0.003 ms
(cmaxime)Running: Make Coffee      [exec-time = 2.061 s
(cmaxime)Running: Start Machine      [exec-time = 0.003 ms
(cmaxime)Running: Boil Water      [exec-time = 0.003 ms
(cmaxime)Running: Make Coffee      [exec-time = 2.061 s
(cmaxime)Running: Start Machine      [exec-time = 0.003 ms
(cmaxime)Running: Boil Water      [exec-time = 0.003 ms
(cmaxime)Running: Make Coffee      [exec-time = 2.052 s
(cmaxime)Running: Start Machine      [exec-time = 0.018 ms
(cmaxime)Running: Boil Water      [exec-time = 0.003 ms
(cmaxime)Running: Make Coffee      [exec-time = 7.076 ms
(cmaxime)Running: Start Machine      [exec-time = 0.017 ms
(cmaxime)Running: Boil Water      [exec-time = 0.002 ms
(cmaxime)Running: Make Coffee      [exec-time = 6.231 ms
(cmaxime)Running: Add Water      [exec-time = 2.004 s
(cmaxime)Running: Start Machine      [exec-time = 0.004 ms
(cmaxime)Running: Boil Water      [exec-time = 0.004 ms
(cmaxime)Running: Make Coffee      [exec-time = 2.051 s
(cmaxime)Running: Start Machine      [exec-time = 0.003 ms
(cmaxime)Running: Boil Water      [exec-time = 0.004 ms
(cmaxime)Running: Make Coffee      [exec-time = 2.062 s
(cmaxime)Running: Start Machine      [exec-time = 0.003 ms
(cmaxime)Running: Boil Water      [exec-time = 0.003 ms
(cmaxime)Running: Make Coffee      [exec-time = 2.063 s
(cmaxime)Running: Start Machine      [exec-time = 0.002 ms
(cmaxime)Running: Boil Water      [exec-time = 0.004 ms
(cmaxime)Running: Make Coffee      [exec-time = 2.048 s
(cmaxime)Running: Start Machine      [exec-time = 0.020 ms
(cmaxime)Running: Boil Water      [exec-time = 0.003 ms
(cmaxime)Running: Make Coffee      [exec-time = 7.037 ms
(cmaxime)Running: Start Machine      [exec-time = 0.012 ms
(cmaxime)Running: Boil Water      [exec-time = 0.002 ms
(cmaxime)Running: Make Coffee      [exec-time = 6.195 ms
(cmaxime)Running: Add Water      [exec-time = 1.003 s
(cmaxime)Running: Start Machine      [exec-time = 0.002 ms
(cmaxime)Running: Boil Water      [exec-time = 0.005 ms
(cmaxime)Running: Make Coffee      [exec-time = 2.043 s
(cmaxime)Running: Start Machine      [exec-time = 0.004 ms
(cmaxime)Running: Boil Water      [exec-time = 0.009 ms
(cmaxime)Running: Make Coffee      [exec-time = 2.051 s
(cmaxime)Running: Start Machine      [exec-time = 0.002 ms
(cmaxime)Running: Boil Water      [exec-time = 0.004 ms
(cmaxime)Running: Make Coffee      [exec-time = 2.057 s
(cmaxime)Running: Start Machine      [exec-time = 0.003 ms
(cmaxime)Running: Boil Water      [exec-time = 0.004 ms
(cmaxime)Running: Make Coffee      [exec-time = 2.058 s
(cmaxime)Running: Start Machine      [exec-time = 0.020 ms
(cmaxime)Running: Boil Water      [exec-time = 0.004 ms
(cmaxime)Running: Make Coffee      [exec-time = 2.053 s
(cmaxime)Running: Start Machine      [exec-time = 0.021 ms
(cmaxime)Running: Boil Water      [exec-time = 0.004 ms
(cmaxime)Running: Make Coffee      [exec-time = 2.061 s
(cmaxime)Running: Add Water      [exec-time = 5.006 s
